mode: set
github.com/6adfeniks/rest_api_with_db/cmd/web/app/app.go:24.57,30.16 4 1
github.com/6adfeniks/rest_api_with_db/cmd/web/app/app.go:34.2,35.22 2 1
github.com/6adfeniks/rest_api_with_db/cmd/web/app/app.go:30.16,32.3 1 0
github.com/6adfeniks/rest_api_with_db/cmd/web/app/app.go:39.37,41.15 2 1
github.com/6adfeniks/rest_api_with_db/cmd/web/app/app.go:44.2,44.12 1 0
github.com/6adfeniks/rest_api_with_db/cmd/web/app/app.go:41.15,43.3 1 1
github.com/6adfeniks/rest_api_with_db/cmd/web/app/app.go:48.72,50.2 1 1
github.com/6adfeniks/rest_api_with_db/cmd/web/app/app.go:53.76,59.2 4 1
github.com/6adfeniks/rest_api_with_db/cmd/web/app/app.go:63.34,69.2 5 1
github.com/6adfeniks/rest_api_with_db/cmd/web/app/app.go:72.63,75.16 3 1
github.com/6adfeniks/rest_api_with_db/cmd/web/app/app.go:80.2,81.40 2 1
github.com/6adfeniks/rest_api_with_db/cmd/web/app/app.go:91.2,91.38 1 1
github.com/6adfeniks/rest_api_with_db/cmd/web/app/app.go:75.16,78.3 2 1
github.com/6adfeniks/rest_api_with_db/cmd/web/app/app.go:81.40,82.14 1 1
github.com/6adfeniks/rest_api_with_db/cmd/web/app/app.go:88.3,88.9 1 1
github.com/6adfeniks/rest_api_with_db/cmd/web/app/app.go:83.22,84.62 1 1
github.com/6adfeniks/rest_api_with_db/cmd/web/app/app.go:85.11,86.68 1 1
github.com/6adfeniks/rest_api_with_db/cmd/web/app/app.go:95.64,98.29 3 1
github.com/6adfeniks/rest_api_with_db/cmd/web/app/app.go:101.2,101.15 1 1
github.com/6adfeniks/rest_api_with_db/cmd/web/app/app.go:104.2,105.16 2 1
github.com/6adfeniks/rest_api_with_db/cmd/web/app/app.go:109.2,109.42 1 1
github.com/6adfeniks/rest_api_with_db/cmd/web/app/app.go:98.29,100.3 1 1
github.com/6adfeniks/rest_api_with_db/cmd/web/app/app.go:101.15,103.3 1 0
github.com/6adfeniks/rest_api_with_db/cmd/web/app/app.go:105.16,108.3 2 1
github.com/6adfeniks/rest_api_with_db/cmd/web/app/app.go:113.66,116.43 3 1
github.com/6adfeniks/rest_api_with_db/cmd/web/app/app.go:120.2,122.43 2 1
github.com/6adfeniks/rest_api_with_db/cmd/web/app/app.go:127.2,127.43 1 1
github.com/6adfeniks/rest_api_with_db/cmd/web/app/app.go:116.43,119.3 2 1
github.com/6adfeniks/rest_api_with_db/cmd/web/app/app.go:122.43,125.3 2 1
github.com/6adfeniks/rest_api_with_db/cmd/web/app/app.go:131.66,134.16 3 1
github.com/6adfeniks/rest_api_with_db/cmd/web/app/app.go:139.2,141.43 3 1
github.com/6adfeniks/rest_api_with_db/cmd/web/app/app.go:146.2,149.43 3 1
github.com/6adfeniks/rest_api_with_db/cmd/web/app/app.go:154.2,154.38 1 1
github.com/6adfeniks/rest_api_with_db/cmd/web/app/app.go:134.16,137.3 2 1
github.com/6adfeniks/rest_api_with_db/cmd/web/app/app.go:141.43,144.3 2 1
github.com/6adfeniks/rest_api_with_db/cmd/web/app/app.go:149.43,152.3 2 1
github.com/6adfeniks/rest_api_with_db/cmd/web/app/app.go:158.66,161.16 3 1
github.com/6adfeniks/rest_api_with_db/cmd/web/app/app.go:166.2,167.43 2 1
github.com/6adfeniks/rest_api_with_db/cmd/web/app/app.go:172.2,172.75 1 1
github.com/6adfeniks/rest_api_with_db/cmd/web/app/app.go:161.16,164.3 2 1
github.com/6adfeniks/rest_api_with_db/cmd/web/app/app.go:167.43,170.3 2 1
